{"/home/colin/Documents/CSProjects/blog/node-backend/__tests__/utils/testDataConstructor.ts": {"path":"/home/colin/Documents/CSProjects/blog/node-backend/__tests__/utils/testDataConstructor.ts","statementMap":{"0":{"start":{"line":1,"column":0},"end":{"line":1,"column":60}},"1":{"start":{"line":3,"column":13},"end":{"line":7,"column":null}}},"fnMap":{},"branchMap":{},"s":{"0":1,"1":1},"f":{},"b":{}}
,"/home/colin/Documents/CSProjects/blog/node-backend/__tests__/utils/testDataInitializer.ts": {"path":"/home/colin/Documents/CSProjects/blog/node-backend/__tests__/utils/testDataInitializer.ts","statementMap":{"0":{"start":{"line":1,"column":0},"end":{"line":1,"column":40}},"1":{"start":{"line":2,"column":0},"end":{"line":2,"column":45}},"2":{"start":{"line":3,"column":0},"end":{"line":3,"column":60}},"3":{"start":{"line":5,"column":30},"end":{"line":16,"column":null}},"4":{"start":{"line":5,"column":56},"end":{"line":16,"column":null}},"5":{"start":{"line":6,"column":17},"end":{"line":12,"column":null}},"6":{"start":{"line":13,"column":23},"end":{"line":13,"column":33}},"7":{"start":{"line":14,"column":4},"end":{"line":14,"column":null}},"8":{"start":{"line":15,"column":4},"end":{"line":15,"column":null}},"9":{"start":{"line":5,"column":13},"end":{"line":5,"column":30}},"10":{"start":{"line":18,"column":38},"end":{"line":22,"column":null}},"11":{"start":{"line":18,"column":68},"end":{"line":22,"column":null}},"12":{"start":{"line":19,"column":23},"end":{"line":19,"column":33}},"13":{"start":{"line":20,"column":4},"end":{"line":20,"column":null}},"14":{"start":{"line":21,"column":4},"end":{"line":21,"column":null}},"15":{"start":{"line":18,"column":13},"end":{"line":18,"column":38}}},"fnMap":{"0":{"name":"(anonymous_7)","decl":{"start":{"line":5,"column":30},"end":{"line":5,"column":54}},"loc":{"start":{"line":5,"column":56},"end":{"line":16,"column":null}}},"1":{"name":"(anonymous_8)","decl":{"start":{"line":5,"column":56},"end":{"line":5,"column":null}},"loc":{"start":{"line":5,"column":56},"end":{"line":16,"column":1}}},"2":{"name":"(anonymous_9)","decl":{"start":{"line":18,"column":38},"end":{"line":18,"column":45}},"loc":{"start":{"line":18,"column":68},"end":{"line":22,"column":null}}},"3":{"name":"(anonymous_10)","decl":{"start":{"line":18,"column":68},"end":{"line":18,"column":null}},"loc":{"start":{"line":18,"column":68},"end":{"line":22,"column":1}}}},"branchMap":{},"s":{"0":1,"1":1,"2":1,"3":1,"4":1,"5":1,"6":1,"7":1,"8":1,"9":1,"10":1,"11":0,"12":0,"13":0,"14":0,"15":1},"f":{"0":1,"1":1,"2":0,"3":0},"b":{}}
,"/home/colin/Documents/CSProjects/blog/node-backend/__tests__/utils/testRunner.ts": {"path":"/home/colin/Documents/CSProjects/blog/node-backend/__tests__/utils/testRunner.ts","statementMap":{"0":{"start":{"line":4,"column":0},"end":{"line":4,"column":74}},"1":{"start":{"line":9,"column":24},"end":{"line":26,"column":null}},"2":{"start":{"line":9,"column":51},"end":{"line":26,"column":null}},"3":{"start":{"line":10,"column":49},"end":{"line":18,"column":null}},"4":{"start":{"line":20,"column":4},"end":{"line":20,"column":null}},"5":{"start":{"line":22,"column":4},"end":{"line":22,"column":null}},"6":{"start":{"line":24,"column":17},"end":{"line":24,"column":21}},"7":{"start":{"line":25,"column":4},"end":{"line":25,"column":null}},"8":{"start":{"line":9,"column":13},"end":{"line":9,"column":24}},"9":{"start":{"line":28,"column":23},"end":{"line":32,"column":null}},"10":{"start":{"line":28,"column":34},"end":{"line":32,"column":null}},"11":{"start":{"line":29,"column":4},"end":{"line":29,"column":null}},"12":{"start":{"line":30,"column":4},"end":{"line":30,"column":null}},"13":{"start":{"line":31,"column":4},"end":{"line":31,"column":null}},"14":{"start":{"line":28,"column":13},"end":{"line":28,"column":23}},"15":{"start":{"line":34,"column":34},"end":{"line":36,"column":1}},"16":{"start":{"line":35,"column":4},"end":{"line":35,"column":null}},"17":{"start":{"line":34,"column":13},"end":{"line":34,"column":34}},"18":{"start":{"line":38,"column":29},"end":{"line":42,"column":1}},"19":{"start":{"line":41,"column":4},"end":{"line":41,"column":null}},"20":{"start":{"line":38,"column":13},"end":{"line":38,"column":29}},"21":{"start":{"line":44,"column":22},"end":{"line":46,"column":1}},"22":{"start":{"line":45,"column":4},"end":{"line":45,"column":null}},"23":{"start":{"line":44,"column":13},"end":{"line":44,"column":22}},"24":{"start":{"line":48,"column":31},"end":{"line":56,"column":null}},"25":{"start":{"line":50,"column":27},"end":{"line":56,"column":null}},"26":{"start":{"line":51,"column":0},"end":{"line":55,"column":15}},"27":{"start":{"line":48,"column":13},"end":{"line":48,"column":31}}},"fnMap":{"0":{"name":"(anonymous_7)","decl":{"start":{"line":9,"column":24},"end":{"line":9,"column":31}},"loc":{"start":{"line":9,"column":51},"end":{"line":26,"column":null}}},"1":{"name":"(anonymous_8)","decl":{"start":{"line":9,"column":51},"end":{"line":9,"column":null}},"loc":{"start":{"line":9,"column":51},"end":{"line":26,"column":1}}},"2":{"name":"(anonymous_9)","decl":{"start":{"line":28,"column":23},"end":{"line":28,"column":32}},"loc":{"start":{"line":28,"column":34},"end":{"line":32,"column":null}}},"3":{"name":"(anonymous_10)","decl":{"start":{"line":28,"column":34},"end":{"line":28,"column":null}},"loc":{"start":{"line":28,"column":34},"end":{"line":32,"column":1}}},"4":{"name":"(anonymous_11)","decl":{"start":{"line":34,"column":34},"end":{"line":34,"column":54}},"loc":{"start":{"line":34,"column":56},"end":{"line":36,"column":1}}},"5":{"name":"(anonymous_12)","decl":{"start":{"line":38,"column":29},"end":{"line":38,"column":null}},"loc":{"start":{"line":40,"column":19},"end":{"line":42,"column":1}}},"6":{"name":"(anonymous_13)","decl":{"start":{"line":44,"column":22},"end":{"line":44,"column":38}},"loc":{"start":{"line":44,"column":40},"end":{"line":46,"column":1}}},"7":{"name":"(anonymous_14)","decl":{"start":{"line":48,"column":31},"end":{"line":48,"column":null}},"loc":{"start":{"line":50,"column":27},"end":{"line":56,"column":null}}},"8":{"name":"(anonymous_15)","decl":{"start":{"line":50,"column":27},"end":{"line":50,"column":null}},"loc":{"start":{"line":50,"column":27},"end":{"line":56,"column":1}}}},"branchMap":{"0":{"loc":{"start":{"line":13,"column":14},"end":{"line":13,"column":76}},"type":"cond-expr","locations":[{"start":{"line":13,"column":36},"end":{"line":13,"column":69}},{"start":{"line":13,"column":72},"end":{"line":13,"column":76}}]}},"s":{"0":1,"1":1,"2":1,"3":1,"4":1,"5":1,"6":1,"7":1,"8":1,"9":1,"10":1,"11":1,"12":1,"13":1,"14":1,"15":1,"16":7,"17":1,"18":1,"19":5,"20":1,"21":1,"22":2,"23":1,"24":1,"25":2,"26":2,"27":1},"f":{"0":1,"1":1,"2":1,"3":1,"4":7,"5":5,"6":2,"7":2,"8":2},"b":{"0":[1,0]}}
,"/home/colin/Documents/CSProjects/blog/node-backend/__tests__/utils/testVariables.ts": {"path":"/home/colin/Documents/CSProjects/blog/node-backend/__tests__/utils/testVariables.ts","statementMap":{"0":{"start":{"line":1,"column":13},"end":{"line":1,"column":null}},"1":{"start":{"line":2,"column":13},"end":{"line":2,"column":null}},"2":{"start":{"line":3,"column":13},"end":{"line":3,"column":null}}},"fnMap":{},"branchMap":{},"s":{"0":1,"1":1,"2":1},"f":{},"b":{}}
,"/home/colin/Documents/CSProjects/blog/node-backend/src/app.ts": {"path":"/home/colin/Documents/CSProjects/blog/node-backend/src/app.ts","statementMap":{"0":{"start":{"line":1,"column":0},"end":{"line":1,"column":45}},"1":{"start":{"line":2,"column":0},"end":{"line":2,"column":42}},"2":{"start":{"line":4,"column":0},"end":{"line":4,"column":42}},"3":{"start":{"line":13,"column":8},"end":{"line":13,"column":null}},"4":{"start":{"line":14,"column":8},"end":{"line":14,"column":null}},"5":{"start":{"line":18,"column":8},"end":{"line":20,"column":null}},"6":{"start":{"line":19,"column":12},"end":{"line":19,"column":null}},"7":{"start":{"line":24,"column":8},"end":{"line":26,"column":9}},"8":{"start":{"line":25,"column":12},"end":{"line":25,"column":null}},"9":{"start":{"line":30,"column":8},"end":{"line":34,"column":9}},"10":{"start":{"line":31,"column":12},"end":{"line":31,"column":null}},"11":{"start":{"line":33,"column":12},"end":{"line":33,"column":31}},"12":{"start":{"line":38,"column":8},"end":{"line":38,"column":null}},"13":{"start":{"line":42,"column":8},"end":{"line":42,"column":null}},"14":{"start":{"line":46,"column":8},"end":{"line":46,"column":null}},"15":{"start":{"line":47,"column":8},"end":{"line":47,"column":null}},"16":{"start":{"line":48,"column":8},"end":{"line":48,"column":null}},"17":{"start":{"line":52,"column":0},"end":{"line":52,"column":null}}},"fnMap":{"0":{"name":"(anonymous_8)","decl":{"start":{"line":12,"column":4},"end":{"line":12,"column":16}},"loc":{"start":{"line":12,"column":52},"end":{"line":15,"column":5}}},"1":{"name":"(anonymous_9)","decl":{"start":{"line":17,"column":11},"end":{"line":17,"column":25}},"loc":{"start":{"line":17,"column":38},"end":{"line":21,"column":5}}},"2":{"name":"(anonymous_10)","decl":{"start":{"line":18,"column":44},"end":{"line":18,"column":47}},"loc":{"start":{"line":18,"column":49},"end":{"line":20,"column":9}}},"3":{"name":"(anonymous_11)","decl":{"start":{"line":23,"column":11},"end":{"line":23,"column":24}},"loc":{"start":{"line":23,"column":24},"end":{"line":27,"column":5}}},"4":{"name":"(anonymous_12)","decl":{"start":{"line":25,"column":30},"end":{"line":25,"column":33}},"loc":{"start":{"line":25,"column":35},"end":{"line":25,"column":38}}},"5":{"name":"(anonymous_13)","decl":{"start":{"line":29,"column":18},"end":{"line":29,"column":27}},"loc":{"start":{"line":29,"column":27},"end":{"line":35,"column":null}}},"6":{"name":"(anonymous_15)","decl":{"start":{"line":37,"column":12},"end":{"line":37,"column":27}},"loc":{"start":{"line":37,"column":27},"end":{"line":39,"column":5}}},"7":{"name":"(anonymous_16)","decl":{"start":{"line":41,"column":12},"end":{"line":41,"column":23}},"loc":{"start":{"line":41,"column":23},"end":{"line":43,"column":5}}},"8":{"name":"(anonymous_17)","decl":{"start":{"line":45,"column":17},"end":{"line":45,"column":30}},"loc":{"start":{"line":45,"column":30},"end":{"line":49,"column":null}}}},"branchMap":{"0":{"loc":{"start":{"line":24,"column":8},"end":{"line":26,"column":9}},"type":"if","locations":[{"start":{"line":24,"column":8},"end":{"line":26,"column":9}}]}},"s":{"0":1,"1":1,"2":1,"3":1,"4":1,"5":1,"6":1,"7":1,"8":1,"9":1,"10":1,"11":0,"12":1,"13":1,"14":1,"15":1,"16":1,"17":1},"f":{"0":1,"1":1,"2":1,"3":1,"4":1,"5":1,"6":1,"7":1,"8":1},"b":{"0":[1]}}
,"/home/colin/Documents/CSProjects/blog/node-backend/src/appInstance.ts": {"path":"/home/colin/Documents/CSProjects/blog/node-backend/src/appInstance.ts","statementMap":{"0":{"start":{"line":2,"column":0},"end":{"line":2,"column":24}},"1":{"start":{"line":6,"column":33},"end":{"line":11,"column":1}},"2":{"start":{"line":9,"column":4},"end":{"line":9,"column":null}},"3":{"start":{"line":10,"column":4},"end":{"line":10,"column":null}},"4":{"start":{"line":6,"column":13},"end":{"line":6,"column":33}},"5":{"start":{"line":13,"column":30},"end":{"line":13,"column":52}},"6":{"start":{"line":13,"column":41},"end":{"line":13,"column":52}},"7":{"start":{"line":13,"column":13},"end":{"line":13,"column":30}}},"fnMap":{"0":{"name":"(anonymous_1)","decl":{"start":{"line":6,"column":33},"end":{"line":6,"column":null}},"loc":{"start":{"line":8,"column":9},"end":{"line":11,"column":1}}},"1":{"name":"(anonymous_2)","decl":{"start":{"line":13,"column":30},"end":{"line":13,"column":38}},"loc":{"start":{"line":13,"column":41},"end":{"line":13,"column":52}}}},"branchMap":{},"s":{"0":1,"1":1,"2":1,"3":1,"4":1,"5":1,"6":7,"7":1},"f":{"0":1,"1":7},"b":{}}
,"/home/colin/Documents/CSProjects/blog/node-backend/src/dbManager.ts": {"path":"/home/colin/Documents/CSProjects/blog/node-backend/src/dbManager.ts","statementMap":{"0":{"start":{"line":1,"column":0},"end":{"line":1,"column":56}},"1":{"start":{"line":2,"column":0},"end":{"line":2,"column":45}},"2":{"start":{"line":4,"column":0},"end":{"line":4,"column":39}},"3":{"start":{"line":10,"column":24},"end":{"line":10,"column":49}},"4":{"start":{"line":7,"column":12},"end":{"line":7,"column":56}},"5":{"start":{"line":8,"column":12},"end":{"line":8,"column":42}},"6":{"start":{"line":11,"column":8},"end":{"line":11,"column":null}},"7":{"start":{"line":15,"column":8},"end":{"line":15,"column":null}},"8":{"start":{"line":19,"column":8},"end":{"line":22,"column":null}},"9":{"start":{"line":24,"column":8},"end":{"line":37,"column":15}},"10":{"start":{"line":26,"column":28},"end":{"line":28,"column":14}},"11":{"start":{"line":27,"column":16},"end":{"line":27,"column":65}},"12":{"start":{"line":29,"column":35},"end":{"line":37,"column":14}},"13":{"start":{"line":30,"column":16},"end":{"line":36,"column":17}},"14":{"start":{"line":31,"column":20},"end":{"line":31,"column":59}},"15":{"start":{"line":32,"column":20},"end":{"line":32,"column":54}},"16":{"start":{"line":34,"column":20},"end":{"line":34,"column":69}},"17":{"start":{"line":35,"column":20},"end":{"line":35,"column":32}},"18":{"start":{"line":41,"column":8},"end":{"line":41,"column":67}},"19":{"start":{"line":42,"column":42},"end":{"line":46,"column":10}},"20":{"start":{"line":48,"column":21},"end":{"line":48,"column":57}},"21":{"start":{"line":49,"column":8},"end":{"line":51,"column":10}},"22":{"start":{"line":52,"column":8},"end":{"line":52,"column":25}},"23":{"start":{"line":56,"column":42},"end":{"line":60,"column":null}},"24":{"start":{"line":62,"column":21},"end":{"line":62,"column":57}},"25":{"start":{"line":63,"column":8},"end":{"line":65,"column":null}},"26":{"start":{"line":66,"column":8},"end":{"line":66,"column":null}},"27":{"start":{"line":70,"column":8},"end":{"line":73,"column":9}},"28":{"start":{"line":71,"column":12},"end":{"line":71,"column":null}},"29":{"start":{"line":72,"column":12},"end":{"line":72,"column":null}},"30":{"start":{"line":77,"column":0},"end":{"line":77,"column":null}}},"fnMap":{"0":{"name":"(anonymous_13)","decl":{"start":{"line":10,"column":4},"end":{"line":10,"column":24}},"loc":{"start":{"line":10,"column":49},"end":{"line":12,"column":5}}},"1":{"name":"(anonymous_14)","decl":{"start":{"line":14,"column":4},"end":{"line":14,"column":17}},"loc":{"start":{"line":14,"column":17},"end":{"line":16,"column":5}}},"2":{"name":"(anonymous_15)","decl":{"start":{"line":18,"column":10},"end":{"line":18,"column":30}},"loc":{"start":{"line":18,"column":30},"end":{"line":38,"column":null}}},"3":{"name":"(anonymous_17)","decl":{"start":{"line":26,"column":18},"end":{"line":26,"column":26}},"loc":{"start":{"line":26,"column":28},"end":{"line":28,"column":14}}},"4":{"name":"(anonymous_18)","decl":{"start":{"line":26,"column":28},"end":{"line":26,"column":null}},"loc":{"start":{"line":26,"column":28},"end":{"line":28,"column":13}}},"5":{"name":"(anonymous_19)","decl":{"start":{"line":29,"column":19},"end":{"line":29,"column":26}},"loc":{"start":{"line":29,"column":35},"end":{"line":37,"column":14}}},"6":{"name":"(anonymous_20)","decl":{"start":{"line":29,"column":35},"end":{"line":29,"column":null}},"loc":{"start":{"line":29,"column":35},"end":{"line":37,"column":13}}},"7":{"name":"(anonymous_21)","decl":{"start":{"line":40,"column":18},"end":{"line":40,"column":43}},"loc":{"start":{"line":40,"column":43},"end":{"line":53,"column":null}}},"8":{"name":"(anonymous_23)","decl":{"start":{"line":55,"column":17},"end":{"line":55,"column":37}},"loc":{"start":{"line":55,"column":37},"end":{"line":67,"column":null}}},"9":{"name":"(anonymous_25)","decl":{"start":{"line":69,"column":17},"end":{"line":69,"column":37}},"loc":{"start":{"line":69,"column":37},"end":{"line":74,"column":null}}}},"branchMap":{"0":{"loc":{"start":{"line":30,"column":16},"end":{"line":36,"column":17}},"type":"if","locations":[{"start":{"line":30,"column":16},"end":{"line":36,"column":17}},{"start":{"line":33,"column":23},"end":{"line":36,"column":17}}]},"1":{"loc":{"start":{"line":70,"column":8},"end":{"line":73,"column":9}},"type":"if","locations":[{"start":{"line":70,"column":8},"end":{"line":73,"column":9}}]}},"s":{"0":1,"1":1,"2":1,"3":1,"4":1,"5":1,"6":1,"7":5,"8":2,"9":2,"10":1,"11":1,"12":1,"13":1,"14":1,"15":1,"16":0,"17":0,"18":1,"19":1,"20":1,"21":1,"22":1,"23":1,"24":1,"25":1,"26":1,"27":1,"28":1,"29":1,"30":1},"f":{"0":1,"1":5,"2":2,"3":1,"4":1,"5":1,"6":1,"7":1,"8":1,"9":1},"b":{"0":[1,0],"1":[1]}}
,"/home/colin/Documents/CSProjects/blog/node-backend/src/controllers/auth.ts": {"path":"/home/colin/Documents/CSProjects/blog/node-backend/src/controllers/auth.ts","statementMap":{"0":{"start":{"line":2,"column":0},"end":{"line":2,"column":38}},"1":{"start":{"line":3,"column":0},"end":{"line":3,"column":64}},"2":{"start":{"line":7,"column":8},"end":{"line":50,"column":9}},"3":{"start":{"line":8,"column":48},"end":{"line":8,"column":56}},"4":{"start":{"line":10,"column":12},"end":{"line":12,"column":13}},"5":{"start":{"line":11,"column":16},"end":{"line":11,"column":null}},"6":{"start":{"line":13,"column":12},"end":{"line":15,"column":13}},"7":{"start":{"line":14,"column":16},"end":{"line":14,"column":null}},"8":{"start":{"line":16,"column":12},"end":{"line":18,"column":13}},"9":{"start":{"line":17,"column":16},"end":{"line":17,"column":null}},"10":{"start":{"line":20,"column":37},"end":{"line":20,"column":73}},"11":{"start":{"line":22,"column":12},"end":{"line":24,"column":13}},"12":{"start":{"line":23,"column":16},"end":{"line":23,"column":null}},"13":{"start":{"line":26,"column":34},"end":{"line":26,"column":76}},"14":{"start":{"line":27,"column":12},"end":{"line":29,"column":13}},"15":{"start":{"line":28,"column":16},"end":{"line":28,"column":null}},"16":{"start":{"line":31,"column":34},"end":{"line":31,"column":44}},"17":{"start":{"line":32,"column":33},"end":{"line":32,"column":57}},"18":{"start":{"line":33,"column":12},"end":{"line":33,"column":null}},"19":{"start":{"line":34,"column":12},"end":{"line":34,"column":null}},"20":{"start":{"line":35,"column":12},"end":{"line":35,"column":null}},"21":{"start":{"line":36,"column":12},"end":{"line":36,"column":null}},"22":{"start":{"line":37,"column":12},"end":{"line":37,"column":null}},"23":{"start":{"line":39,"column":12},"end":{"line":43,"column":null}},"24":{"start":{"line":45,"column":12},"end":{"line":49,"column":null}},"25":{"start":{"line":54,"column":37},"end":{"line":54,"column":45}},"26":{"start":{"line":56,"column":8},"end":{"line":58,"column":9}},"27":{"start":{"line":57,"column":12},"end":{"line":57,"column":null}},"28":{"start":{"line":59,"column":8},"end":{"line":61,"column":9}},"29":{"start":{"line":60,"column":12},"end":{"line":60,"column":null}},"30":{"start":{"line":63,"column":21},"end":{"line":63,"column":63}},"31":{"start":{"line":64,"column":8},"end":{"line":66,"column":9}},"32":{"start":{"line":65,"column":12},"end":{"line":65,"column":null}},"33":{"start":{"line":67,"column":21},"end":{"line":67,"column":30}},"34":{"start":{"line":68,"column":21},"end":{"line":68,"column":30}},"35":{"start":{"line":69,"column":30},"end":{"line":69,"column":69}},"36":{"start":{"line":70,"column":8},"end":{"line":72,"column":9}},"37":{"start":{"line":71,"column":12},"end":{"line":71,"column":null}},"38":{"start":{"line":73,"column":8},"end":{"line":73,"column":null}},"39":{"start":{"line":5,"column":0},"end":{"line":5,"column":21}}},"fnMap":{"0":{"name":"(anonymous_7)","decl":{"start":{"line":6,"column":17},"end":{"line":6,"column":25}},"loc":{"start":{"line":6,"column":53},"end":{"line":51,"column":null}}},"1":{"name":"(anonymous_9)","decl":{"start":{"line":53,"column":17},"end":{"line":53,"column":22}},"loc":{"start":{"line":53,"column":50},"end":{"line":74,"column":null}}}},"branchMap":{"0":{"loc":{"start":{"line":10,"column":12},"end":{"line":12,"column":13}},"type":"if","locations":[{"start":{"line":10,"column":12},"end":{"line":12,"column":13}}]},"1":{"loc":{"start":{"line":13,"column":12},"end":{"line":15,"column":13}},"type":"if","locations":[{"start":{"line":13,"column":12},"end":{"line":15,"column":13}}]},"2":{"loc":{"start":{"line":16,"column":12},"end":{"line":18,"column":13}},"type":"if","locations":[{"start":{"line":16,"column":12},"end":{"line":18,"column":13}}]},"3":{"loc":{"start":{"line":22,"column":12},"end":{"line":24,"column":13}},"type":"if","locations":[{"start":{"line":22,"column":12},"end":{"line":24,"column":13}}]},"4":{"loc":{"start":{"line":27,"column":12},"end":{"line":29,"column":13}},"type":"if","locations":[{"start":{"line":27,"column":12},"end":{"line":29,"column":13}}]},"5":{"loc":{"start":{"line":56,"column":8},"end":{"line":58,"column":9}},"type":"if","locations":[{"start":{"line":56,"column":8},"end":{"line":58,"column":9}}]},"6":{"loc":{"start":{"line":59,"column":8},"end":{"line":61,"column":9}},"type":"if","locations":[{"start":{"line":59,"column":8},"end":{"line":61,"column":9}}]},"7":{"loc":{"start":{"line":64,"column":8},"end":{"line":66,"column":9}},"type":"if","locations":[{"start":{"line":64,"column":8},"end":{"line":66,"column":9}}]},"8":{"loc":{"start":{"line":70,"column":8},"end":{"line":72,"column":9}},"type":"if","locations":[{"start":{"line":70,"column":8},"end":{"line":72,"column":9}}]}},"s":{"0":1,"1":1,"2":2,"3":2,"4":2,"5":0,"6":2,"7":0,"8":2,"9":0,"10":2,"11":2,"12":1,"13":1,"14":1,"15":0,"16":1,"17":1,"18":1,"19":1,"20":1,"21":1,"22":1,"23":1,"24":0,"25":0,"26":0,"27":0,"28":0,"29":0,"30":0,"31":0,"32":0,"33":0,"34":0,"35":0,"36":0,"37":0,"38":0,"39":1},"f":{"0":2,"1":0},"b":{"0":[0],"1":[0],"2":[0],"3":[1],"4":[0],"5":[0],"6":[0],"7":[0],"8":[0]}}
,"/home/colin/Documents/CSProjects/blog/node-backend/src/controllers/comment.ts": {"path":"/home/colin/Documents/CSProjects/blog/node-backend/src/controllers/comment.ts","statementMap":{"0":{"start":{"line":2,"column":0},"end":{"line":2,"column":35}},"1":{"start":{"line":6,"column":8},"end":{"line":22,"column":9}},"2":{"start":{"line":7,"column":37},"end":{"line":7,"column":50}},"3":{"start":{"line":8,"column":12},"end":{"line":8,"column":null}},"4":{"start":{"line":9,"column":12},"end":{"line":9,"column":null}},"5":{"start":{"line":11,"column":12},"end":{"line":15,"column":null}},"6":{"start":{"line":17,"column":12},"end":{"line":21,"column":null}},"7":{"start":{"line":26,"column":8},"end":{"line":39,"column":11}},"8":{"start":{"line":27,"column":29},"end":{"line":27,"column":49}},"9":{"start":{"line":28,"column":12},"end":{"line":32,"column":null}},"10":{"start":{"line":34,"column":12},"end":{"line":38,"column":null}},"11":{"start":{"line":4,"column":0},"end":{"line":4,"column":21}}},"fnMap":{"0":{"name":"(anonymous_7)","decl":{"start":{"line":5,"column":17},"end":{"line":5,"column":30}},"loc":{"start":{"line":5,"column":58},"end":{"line":23,"column":null}}},"1":{"name":"(anonymous_9)","decl":{"start":{"line":25,"column":17},"end":{"line":25,"column":31}},"loc":{"start":{"line":25,"column":59},"end":{"line":40,"column":null}}}},"branchMap":{},"s":{"0":1,"1":0,"2":0,"3":0,"4":0,"5":0,"6":0,"7":0,"8":0,"9":0,"10":0,"11":1},"f":{"0":0,"1":0},"b":{}}
,"/home/colin/Documents/CSProjects/blog/node-backend/src/controllers/post.ts": {"path":"/home/colin/Documents/CSProjects/blog/node-backend/src/controllers/post.ts","statementMap":{"0":{"start":{"line":2,"column":0},"end":{"line":2,"column":32}},"1":{"start":{"line":6,"column":8},"end":{"line":23,"column":9}},"2":{"start":{"line":7,"column":31},"end":{"line":7,"column":41}},"3":{"start":{"line":8,"column":12},"end":{"line":8,"column":null}},"4":{"start":{"line":9,"column":12},"end":{"line":9,"column":null}},"5":{"start":{"line":10,"column":12},"end":{"line":10,"column":null}},"6":{"start":{"line":12,"column":12},"end":{"line":16,"column":null}},"7":{"start":{"line":18,"column":12},"end":{"line":22,"column":null}},"8":{"start":{"line":27,"column":8},"end":{"line":40,"column":11}},"9":{"start":{"line":28,"column":26},"end":{"line":28,"column":43}},"10":{"start":{"line":29,"column":12},"end":{"line":33,"column":null}},"11":{"start":{"line":35,"column":12},"end":{"line":39,"column":null}},"12":{"start":{"line":4,"column":0},"end":{"line":4,"column":21}}},"fnMap":{"0":{"name":"(anonymous_7)","decl":{"start":{"line":5,"column":17},"end":{"line":5,"column":27}},"loc":{"start":{"line":5,"column":55},"end":{"line":24,"column":null}}},"1":{"name":"(anonymous_9)","decl":{"start":{"line":26,"column":17},"end":{"line":26,"column":28}},"loc":{"start":{"line":26,"column":56},"end":{"line":41,"column":null}}}},"branchMap":{},"s":{"0":1,"1":0,"2":0,"3":0,"4":0,"5":0,"6":0,"7":0,"8":0,"9":0,"10":0,"11":0,"12":1},"f":{"0":0,"1":0},"b":{}}
,"/home/colin/Documents/CSProjects/blog/node-backend/src/controllers/users.ts": {"path":"/home/colin/Documents/CSProjects/blog/node-backend/src/controllers/users.ts","statementMap":{"0":{"start":{"line":2,"column":0},"end":{"line":2,"column":32}},"1":{"start":{"line":6,"column":8},"end":{"line":25,"column":9}},"2":{"start":{"line":7,"column":31},"end":{"line":7,"column":41}},"3":{"start":{"line":8,"column":12},"end":{"line":8,"column":null}},"4":{"start":{"line":9,"column":12},"end":{"line":9,"column":null}},"5":{"start":{"line":10,"column":12},"end":{"line":10,"column":null}},"6":{"start":{"line":11,"column":12},"end":{"line":11,"column":null}},"7":{"start":{"line":12,"column":12},"end":{"line":12,"column":null}},"8":{"start":{"line":14,"column":12},"end":{"line":18,"column":null}},"9":{"start":{"line":20,"column":12},"end":{"line":24,"column":null}},"10":{"start":{"line":29,"column":21},"end":{"line":29,"column":48}},"11":{"start":{"line":30,"column":28},"end":{"line":30,"column":63}},"12":{"start":{"line":32,"column":8},"end":{"line":54,"column":11}},"13":{"start":{"line":33,"column":34},"end":{"line":36,"column":14}},"14":{"start":{"line":37,"column":12},"end":{"line":47,"column":null}},"15":{"start":{"line":49,"column":12},"end":{"line":53,"column":null}},"16":{"start":{"line":4,"column":0},"end":{"line":4,"column":21}}},"fnMap":{"0":{"name":"(anonymous_7)","decl":{"start":{"line":5,"column":17},"end":{"line":5,"column":27}},"loc":{"start":{"line":5,"column":55},"end":{"line":26,"column":null}}},"1":{"name":"(anonymous_9)","decl":{"start":{"line":28,"column":17},"end":{"line":28,"column":28}},"loc":{"start":{"line":28,"column":56},"end":{"line":55,"column":null}}}},"branchMap":{"0":{"loc":{"start":{"line":29,"column":21},"end":{"line":29,"column":48}},"type":"binary-expr","locations":[{"start":{"line":29,"column":21},"end":{"line":29,"column":43}},{"start":{"line":29,"column":47},"end":{"line":29,"column":48}}]},"1":{"loc":{"start":{"line":30,"column":28},"end":{"line":30,"column":63}},"type":"binary-expr","locations":[{"start":{"line":30,"column":28},"end":{"line":30,"column":57}},{"start":{"line":30,"column":61},"end":{"line":30,"column":63}}]}},"s":{"0":1,"1":0,"2":0,"3":0,"4":0,"5":0,"6":0,"7":0,"8":0,"9":0,"10":0,"11":0,"12":0,"13":0,"14":0,"15":0,"16":1},"f":{"0":0,"1":0},"b":{"0":[0,0],"1":[0,0]}}
,"/home/colin/Documents/CSProjects/blog/node-backend/src/models/comment.ts": {"path":"/home/colin/Documents/CSProjects/blog/node-backend/src/models/comment.ts","statementMap":{"0":{"start":{"line":1,"column":0},"end":{"line":1,"column":88}},"1":{"start":{"line":2,"column":0},"end":{"line":2,"column":30}},"2":{"start":{"line":5,"column":7},"end":{"line":14,"column":null}},"3":{"start":{"line":5,"column":13},"end":{"line":5,"column":20}},"4":{"start":{"line":7,"column":4},"end":{"line":7,"column":null}},"5":{"start":{"line":10,"column":4},"end":{"line":10,"column":null}},"6":{"start":{"line":13,"column":4},"end":{"line":13,"column":null}},"7":{"start":{"line":12,"column":21},"end":{"line":12,"column":25}},"8":{"start":{"line":12,"column":37},"end":{"line":12,"column":50}},"9":{"start":{"line":5,"column":13},"end":{"line":14,"column":null}}},"fnMap":{"0":{"name":"(anonymous_2)","decl":{"start":{"line":12,"column":15},"end":{"line":12,"column":18}},"loc":{"start":{"line":12,"column":21},"end":{"line":12,"column":25}}},"1":{"name":"(anonymous_3)","decl":{"start":{"line":12,"column":27},"end":{"line":12,"column":28}},"loc":{"start":{"line":12,"column":37},"end":{"line":12,"column":50}}}},"branchMap":{},"s":{"0":1,"1":1,"2":1,"3":1,"4":1,"5":1,"6":1,"7":1,"8":1,"9":1},"f":{"0":1,"1":1},"b":{}}
,"/home/colin/Documents/CSProjects/blog/node-backend/src/models/index.ts": {"path":"/home/colin/Documents/CSProjects/blog/node-backend/src/models/index.ts","statementMap":{"0":{"start":{"line":1,"column":0},"end":{"line":1,"column":22}},"1":{"start":{"line":2,"column":0},"end":{"line":2,"column":22}},"2":{"start":{"line":3,"column":0},"end":{"line":3,"column":25}}},"fnMap":{},"branchMap":{},"s":{"0":1,"1":1,"2":1},"f":{},"b":{}}
,"/home/colin/Documents/CSProjects/blog/node-backend/src/models/post.ts": {"path":"/home/colin/Documents/CSProjects/blog/node-backend/src/models/post.ts","statementMap":{"0":{"start":{"line":1,"column":0},"end":{"line":1,"column":106}},"1":{"start":{"line":2,"column":0},"end":{"line":2,"column":36}},"2":{"start":{"line":5,"column":7},"end":{"line":20,"column":null}},"3":{"start":{"line":5,"column":13},"end":{"line":5,"column":17}},"4":{"start":{"line":7,"column":4},"end":{"line":7,"column":null}},"5":{"start":{"line":10,"column":4},"end":{"line":10,"column":null}},"6":{"start":{"line":13,"column":4},"end":{"line":13,"column":null}},"7":{"start":{"line":16,"column":4},"end":{"line":16,"column":null}},"8":{"start":{"line":19,"column":4},"end":{"line":19,"column":null}},"9":{"start":{"line":18,"column":21},"end":{"line":18,"column":28}},"10":{"start":{"line":18,"column":43},"end":{"line":18,"column":55}},"11":{"start":{"line":5,"column":13},"end":{"line":20,"column":null}}},"fnMap":{"0":{"name":"(anonymous_2)","decl":{"start":{"line":18,"column":15},"end":{"line":18,"column":18}},"loc":{"start":{"line":18,"column":21},"end":{"line":18,"column":28}}},"1":{"name":"(anonymous_3)","decl":{"start":{"line":18,"column":30},"end":{"line":18,"column":31}},"loc":{"start":{"line":18,"column":43},"end":{"line":18,"column":55}}}},"branchMap":{},"s":{"0":1,"1":1,"2":1,"3":1,"4":1,"5":1,"6":1,"7":1,"8":1,"9":1,"10":1,"11":1},"f":{"0":1,"1":1},"b":{}}
,"/home/colin/Documents/CSProjects/blog/node-backend/src/models/user.ts": {"path":"/home/colin/Documents/CSProjects/blog/node-backend/src/models/user.ts","statementMap":{"0":{"start":{"line":1,"column":0},"end":{"line":1,"column":77}},"1":{"start":{"line":2,"column":0},"end":{"line":2,"column":42}},"2":{"start":{"line":6,"column":7},"end":{"line":25,"column":null}},"3":{"start":{"line":6,"column":13},"end":{"line":6,"column":17}},"4":{"start":{"line":8,"column":4},"end":{"line":8,"column":null}},"5":{"start":{"line":11,"column":4},"end":{"line":11,"column":null}},"6":{"start":{"line":15,"column":4},"end":{"line":15,"column":null}},"7":{"start":{"line":18,"column":4},"end":{"line":18,"column":null}},"8":{"start":{"line":24,"column":4},"end":{"line":24,"column":null}},"9":{"start":{"line":6,"column":13},"end":{"line":25,"column":null}}},"fnMap":{},"branchMap":{},"s":{"0":1,"1":1,"2":1,"3":1,"4":1,"5":1,"6":1,"7":1,"8":1,"9":1},"f":{},"b":{}}
,"/home/colin/Documents/CSProjects/blog/node-backend/src/routes/auth.ts": {"path":"/home/colin/Documents/CSProjects/blog/node-backend/src/routes/auth.ts","statementMap":{"0":{"start":{"line":1,"column":0},"end":{"line":1,"column":29}},"1":{"start":{"line":2,"column":0},"end":{"line":2,"column":48}},"2":{"start":{"line":4,"column":15},"end":{"line":4,"column":31}},"3":{"start":{"line":5,"column":19},"end":{"line":5,"column":39}},"4":{"start":{"line":7,"column":0},"end":{"line":7,"column":null}},"5":{"start":{"line":8,"column":0},"end":{"line":8,"column":null}},"6":{"start":{"line":10,"column":0},"end":{"line":10,"column":null}}},"fnMap":{},"branchMap":{},"s":{"0":1,"1":1,"2":1,"3":1,"4":1,"5":1,"6":1},"f":{},"b":{}}
,"/home/colin/Documents/CSProjects/blog/node-backend/src/routes/comments.ts": {"path":"/home/colin/Documents/CSProjects/blog/node-backend/src/routes/comments.ts","statementMap":{"0":{"start":{"line":1,"column":0},"end":{"line":1,"column":29}},"1":{"start":{"line":2,"column":0},"end":{"line":2,"column":54}},"2":{"start":{"line":4,"column":15},"end":{"line":4,"column":31}},"3":{"start":{"line":5,"column":19},"end":{"line":5,"column":42}},"4":{"start":{"line":7,"column":0},"end":{"line":7,"column":null}},"5":{"start":{"line":9,"column":0},"end":{"line":9,"column":null}},"6":{"start":{"line":12,"column":0},"end":{"line":12,"column":null}}},"fnMap":{},"branchMap":{},"s":{"0":1,"1":1,"2":1,"3":1,"4":1,"5":1,"6":1},"f":{},"b":{}}
,"/home/colin/Documents/CSProjects/blog/node-backend/src/routes/index.ts": {"path":"/home/colin/Documents/CSProjects/blog/node-backend/src/routes/index.ts","statementMap":{"0":{"start":{"line":1,"column":0},"end":{"line":1,"column":29}},"1":{"start":{"line":3,"column":0},"end":{"line":3,"column":45}},"2":{"start":{"line":4,"column":0},"end":{"line":4,"column":45}},"3":{"start":{"line":5,"column":0},"end":{"line":5,"column":51}},"4":{"start":{"line":6,"column":0},"end":{"line":6,"column":44}},"5":{"start":{"line":8,"column":15},"end":{"line":8,"column":31}},"6":{"start":{"line":10,"column":0},"end":{"line":10,"column":null}},"7":{"start":{"line":11,"column":0},"end":{"line":11,"column":null}},"8":{"start":{"line":12,"column":0},"end":{"line":12,"column":null}},"9":{"start":{"line":13,"column":0},"end":{"line":13,"column":null}},"10":{"start":{"line":15,"column":0},"end":{"line":15,"column":null}}},"fnMap":{},"branchMap":{},"s":{"0":1,"1":1,"2":1,"3":1,"4":1,"5":1,"6":1,"7":1,"8":1,"9":1,"10":1},"f":{},"b":{}}
,"/home/colin/Documents/CSProjects/blog/node-backend/src/routes/posts.ts": {"path":"/home/colin/Documents/CSProjects/blog/node-backend/src/routes/posts.ts","statementMap":{"0":{"start":{"line":1,"column":0},"end":{"line":1,"column":29}},"1":{"start":{"line":2,"column":0},"end":{"line":2,"column":48}},"2":{"start":{"line":4,"column":15},"end":{"line":4,"column":31}},"3":{"start":{"line":5,"column":19},"end":{"line":5,"column":39}},"4":{"start":{"line":7,"column":0},"end":{"line":7,"column":null}},"5":{"start":{"line":9,"column":0},"end":{"line":9,"column":null}},"6":{"start":{"line":11,"column":0},"end":{"line":11,"column":null}}},"fnMap":{},"branchMap":{},"s":{"0":1,"1":1,"2":1,"3":1,"4":1,"5":1,"6":1},"f":{},"b":{}}
,"/home/colin/Documents/CSProjects/blog/node-backend/src/routes/users.ts": {"path":"/home/colin/Documents/CSProjects/blog/node-backend/src/routes/users.ts","statementMap":{"0":{"start":{"line":1,"column":0},"end":{"line":1,"column":29}},"1":{"start":{"line":2,"column":0},"end":{"line":2,"column":49}},"2":{"start":{"line":4,"column":15},"end":{"line":4,"column":31}},"3":{"start":{"line":5,"column":19},"end":{"line":5,"column":39}},"4":{"start":{"line":7,"column":0},"end":{"line":7,"column":null}},"5":{"start":{"line":9,"column":0},"end":{"line":9,"column":null}},"6":{"start":{"line":11,"column":0},"end":{"line":11,"column":null}}},"fnMap":{},"branchMap":{},"s":{"0":1,"1":1,"2":1,"3":1,"4":1,"5":1,"6":1},"f":{},"b":{}}
,"/home/colin/Documents/CSProjects/blog/node-backend/src/utils/auth.ts": {"path":"/home/colin/Documents/CSProjects/blog/node-backend/src/utils/auth.ts","statementMap":{"0":{"start":{"line":1,"column":0},"end":{"line":1,"column":32}},"1":{"start":{"line":3,"column":30},"end":{"line":7,"column":1}},"2":{"start":{"line":4,"column":17},"end":{"line":4,"column":55}},"3":{"start":{"line":5,"column":17},"end":{"line":5,"column":84}},"4":{"start":{"line":6,"column":4},"end":{"line":6,"column":null}},"5":{"start":{"line":3,"column":13},"end":{"line":3,"column":30}},"6":{"start":{"line":9,"column":31},"end":{"line":14,"column":1}},"7":{"start":{"line":10,"column":4},"end":{"line":13,"column":null}},"8":{"start":{"line":9,"column":13},"end":{"line":9,"column":31}}},"fnMap":{"0":{"name":"(anonymous_1)","decl":{"start":{"line":3,"column":30},"end":{"line":3,"column":31}},"loc":{"start":{"line":3,"column":43},"end":{"line":7,"column":1}}},"1":{"name":"(anonymous_2)","decl":{"start":{"line":9,"column":31},"end":{"line":9,"column":32}},"loc":{"start":{"line":9,"column":58},"end":{"line":14,"column":1}}}},"branchMap":{},"s":{"0":1,"1":1,"2":1,"3":1,"4":1,"5":1,"6":1,"7":0,"8":1},"f":{"0":1,"1":0},"b":{}}
}
