TN:
SF:__tests__/utils/testDataConstructor.ts
FNF:0
FNH:0
DA:1,1
DA:3,1
LF:2
LH:2
BRF:0
BRH:0
end_of_record
TN:
SF:__tests__/utils/testDataInitializer.ts
FN:5,(anonymous_7)
FN:5,(anonymous_8)
FN:18,(anonymous_9)
FN:18,(anonymous_10)
FNF:4
FNH:2
FNDA:1,(anonymous_7)
FNDA:1,(anonymous_8)
FNDA:0,(anonymous_9)
FNDA:0,(anonymous_10)
DA:1,1
DA:2,1
DA:3,1
DA:5,1
DA:6,1
DA:13,1
DA:14,1
DA:15,1
DA:18,1
DA:19,0
DA:20,0
DA:21,0
LF:12
LH:9
BRF:0
BRH:0
end_of_record
TN:
SF:__tests__/utils/testRunner.ts
FN:9,(anonymous_7)
FN:9,(anonymous_8)
FN:28,(anonymous_9)
FN:28,(anonymous_10)
FN:34,(anonymous_11)
FN:38,(anonymous_12)
FN:44,(anonymous_13)
FN:48,(anonymous_14)
FN:50,(anonymous_15)
FNF:9
FNH:9
FNDA:1,(anonymous_7)
FNDA:1,(anonymous_8)
FNDA:1,(anonymous_9)
FNDA:1,(anonymous_10)
FNDA:7,(anonymous_11)
FNDA:5,(anonymous_12)
FNDA:2,(anonymous_13)
FNDA:2,(anonymous_14)
FNDA:2,(anonymous_15)
DA:4,1
DA:9,1
DA:10,1
DA:20,1
DA:22,1
DA:24,1
DA:25,1
DA:28,1
DA:29,1
DA:30,1
DA:31,1
DA:34,1
DA:35,7
DA:38,1
DA:41,5
DA:44,1
DA:45,2
DA:48,1
DA:50,2
DA:51,2
LF:20
LH:20
BRDA:13,0,0,1
BRDA:13,0,1,0
BRF:2
BRH:1
end_of_record
TN:
SF:__tests__/utils/testVariables.ts
FNF:0
FNH:0
DA:1,1
DA:2,1
DA:3,1
LF:3
LH:3
BRF:0
BRH:0
end_of_record
TN:
SF:src/app.ts
FN:12,(anonymous_8)
FN:17,(anonymous_9)
FN:18,(anonymous_10)
FN:23,(anonymous_11)
FN:25,(anonymous_12)
FN:29,(anonymous_13)
FN:37,(anonymous_15)
FN:41,(anonymous_16)
FN:45,(anonymous_17)
FNF:9
FNH:9
FNDA:1,(anonymous_8)
FNDA:1,(anonymous_9)
FNDA:1,(anonymous_10)
FNDA:1,(anonymous_11)
FNDA:1,(anonymous_12)
FNDA:1,(anonymous_13)
FNDA:1,(anonymous_15)
FNDA:1,(anonymous_16)
FNDA:1,(anonymous_17)
DA:1,1
DA:2,1
DA:4,1
DA:13,1
DA:14,1
DA:18,1
DA:19,1
DA:24,1
DA:25,1
DA:30,1
DA:31,1
DA:33,0
DA:38,1
DA:42,1
DA:46,1
DA:47,1
DA:48,1
DA:52,1
LF:18
LH:17
BRDA:24,0,0,1
BRF:1
BRH:1
end_of_record
TN:
SF:src/appInstance.ts
FN:6,(anonymous_1)
FN:13,(anonymous_2)
FNF:2
FNH:2
FNDA:1,(anonymous_1)
FNDA:7,(anonymous_2)
DA:2,1
DA:6,1
DA:9,1
DA:10,1
DA:13,7
LF:5
LH:5
BRF:0
BRH:0
end_of_record
TN:
SF:src/dbManager.ts
FN:10,(anonymous_13)
FN:14,(anonymous_14)
FN:18,(anonymous_15)
FN:26,(anonymous_17)
FN:26,(anonymous_18)
FN:29,(anonymous_19)
FN:29,(anonymous_20)
FN:40,(anonymous_21)
FN:55,(anonymous_23)
FN:69,(anonymous_25)
FNF:10
FNH:10
FNDA:1,(anonymous_13)
FNDA:5,(anonymous_14)
FNDA:2,(anonymous_15)
FNDA:1,(anonymous_17)
FNDA:1,(anonymous_18)
FNDA:1,(anonymous_19)
FNDA:1,(anonymous_20)
FNDA:1,(anonymous_21)
FNDA:1,(anonymous_23)
FNDA:1,(anonymous_25)
DA:1,1
DA:2,1
DA:4,1
DA:7,1
DA:8,1
DA:10,1
DA:11,1
DA:15,5
DA:19,2
DA:24,2
DA:26,1
DA:27,1
DA:29,1
DA:30,1
DA:31,1
DA:32,1
DA:34,0
DA:35,0
DA:41,1
DA:42,1
DA:48,1
DA:49,1
DA:52,1
DA:56,1
DA:62,1
DA:63,1
DA:66,1
DA:70,1
DA:71,1
DA:72,1
DA:77,1
LF:31
LH:29
BRDA:30,0,0,1
BRDA:30,0,1,0
BRDA:70,1,0,1
BRF:3
BRH:2
end_of_record
TN:
SF:src/controllers/auth.ts
FN:6,(anonymous_7)
FN:53,(anonymous_9)
FNF:2
FNH:1
FNDA:2,(anonymous_7)
FNDA:0,(anonymous_9)
DA:2,1
DA:3,1
DA:5,1
DA:7,2
DA:8,2
DA:10,2
DA:11,0
DA:13,2
DA:14,0
DA:16,2
DA:17,0
DA:20,2
DA:22,2
DA:23,1
DA:26,1
DA:27,1
DA:28,0
DA:31,1
DA:32,1
DA:33,1
DA:34,1
DA:35,1
DA:36,1
DA:37,1
DA:39,1
DA:45,0
DA:54,0
DA:56,0
DA:57,0
DA:59,0
DA:60,0
DA:63,0
DA:64,0
DA:65,0
DA:67,0
DA:68,0
DA:69,0
DA:70,0
DA:71,0
DA:73,0
LF:40
LH:21
BRDA:10,0,0,0
BRDA:13,1,0,0
BRDA:16,2,0,0
BRDA:22,3,0,1
BRDA:27,4,0,0
BRDA:56,5,0,0
BRDA:59,6,0,0
BRDA:64,7,0,0
BRDA:70,8,0,0
BRF:9
BRH:1
end_of_record
TN:
SF:src/controllers/comment.ts
FN:5,(anonymous_7)
FN:25,(anonymous_9)
FNF:2
FNH:0
FNDA:0,(anonymous_7)
FNDA:0,(anonymous_9)
DA:2,1
DA:4,1
DA:6,0
DA:7,0
DA:8,0
DA:9,0
DA:11,0
DA:17,0
DA:26,0
DA:27,0
DA:28,0
DA:34,0
LF:12
LH:2
BRF:0
BRH:0
end_of_record
TN:
SF:src/controllers/post.ts
FN:5,(anonymous_7)
FN:26,(anonymous_9)
FNF:2
FNH:0
FNDA:0,(anonymous_7)
FNDA:0,(anonymous_9)
DA:2,1
DA:4,1
DA:6,0
DA:7,0
DA:8,0
DA:9,0
DA:10,0
DA:12,0
DA:18,0
DA:27,0
DA:28,0
DA:29,0
DA:35,0
LF:13
LH:2
BRF:0
BRH:0
end_of_record
TN:
SF:src/controllers/users.ts
FN:5,(anonymous_7)
FN:28,(anonymous_9)
FNF:2
FNH:0
FNDA:0,(anonymous_7)
FNDA:0,(anonymous_9)
DA:2,1
DA:4,1
DA:6,0
DA:7,0
DA:8,0
DA:9,0
DA:10,0
DA:11,0
DA:12,0
DA:14,0
DA:20,0
DA:29,0
DA:30,0
DA:32,0
DA:33,0
DA:37,0
DA:49,0
LF:17
LH:2
BRDA:29,0,0,0
BRDA:29,0,1,0
BRDA:30,1,0,0
BRDA:30,1,1,0
BRF:4
BRH:0
end_of_record
TN:
SF:src/models/comment.ts
FN:12,(anonymous_2)
FN:12,(anonymous_3)
FNF:2
FNH:2
FNDA:1,(anonymous_2)
FNDA:1,(anonymous_3)
DA:1,1
DA:2,1
DA:5,1
DA:7,1
DA:10,1
DA:12,1
DA:13,1
LF:7
LH:7
BRF:0
BRH:0
end_of_record
TN:
SF:src/models/index.ts
FNF:0
FNH:0
DA:1,1
DA:2,1
DA:3,1
LF:3
LH:3
BRF:0
BRH:0
end_of_record
TN:
SF:src/models/post.ts
FN:18,(anonymous_2)
FN:18,(anonymous_3)
FNF:2
FNH:2
FNDA:1,(anonymous_2)
FNDA:1,(anonymous_3)
DA:1,1
DA:2,1
DA:5,1
DA:7,1
DA:10,1
DA:13,1
DA:16,1
DA:18,1
DA:19,1
LF:9
LH:9
BRF:0
BRH:0
end_of_record
TN:
SF:src/models/user.ts
FNF:0
FNH:0
DA:1,1
DA:2,1
DA:6,1
DA:8,1
DA:11,1
DA:15,1
DA:18,1
DA:24,1
LF:8
LH:8
BRF:0
BRH:0
end_of_record
TN:
SF:src/routes/auth.ts
FNF:0
FNH:0
DA:1,1
DA:2,1
DA:4,1
DA:5,1
DA:7,1
DA:8,1
DA:10,1
LF:7
LH:7
BRF:0
BRH:0
end_of_record
TN:
SF:src/routes/comments.ts
FNF:0
FNH:0
DA:1,1
DA:2,1
DA:4,1
DA:5,1
DA:7,1
DA:9,1
DA:12,1
LF:7
LH:7
BRF:0
BRH:0
end_of_record
TN:
SF:src/routes/index.ts
FNF:0
FNH:0
DA:1,1
DA:3,1
DA:4,1
DA:5,1
DA:6,1
DA:8,1
DA:10,1
DA:11,1
DA:12,1
DA:13,1
DA:15,1
LF:11
LH:11
BRF:0
BRH:0
end_of_record
TN:
SF:src/routes/posts.ts
FNF:0
FNH:0
DA:1,1
DA:2,1
DA:4,1
DA:5,1
DA:7,1
DA:9,1
DA:11,1
LF:7
LH:7
BRF:0
BRH:0
end_of_record
TN:
SF:src/routes/users.ts
FNF:0
FNH:0
DA:1,1
DA:2,1
DA:4,1
DA:5,1
DA:7,1
DA:9,1
DA:11,1
LF:7
LH:7
BRF:0
BRH:0
end_of_record
TN:
SF:src/utils/auth.ts
FN:3,(anonymous_1)
FN:9,(anonymous_2)
FNF:2
FNH:1
FNDA:1,(anonymous_1)
FNDA:0,(anonymous_2)
DA:1,1
DA:3,1
DA:4,1
DA:5,1
DA:6,1
DA:9,1
DA:10,0
LF:7
LH:6
BRF:0
BRH:0
end_of_record
